[
  {
    "line": 2,
    "elements": [
      {
        "start_timestamp": "2023-08-17T04:29:17.897Z",
        "line": 6,
        "name": "User login into the website",
        "description": "",
        "id": "testing-the-product-purchasing-in-nykaa;user-login-into-the-website",
        "type": "scenario",
        "keyword": "Scenario",
        "steps": [
          {
            "result": {
              "duration": 3541867800,
              "status": "passed"
            },
            "line": 7,
            "name": "User launch the application",
            "match": {
              "location": "com.NykaaCucumber_IPT.stepDef.StepDefinition.user_launch_the_application()"
            },
            "keyword": "Given "
          },
          {
            "result": {
              "duration": 544849700,
              "status": "passed"
            },
            "line": 8,
            "name": "User click the signIn option",
            "match": {
              "location": "com.NykaaCucumber_IPT.stepDef.StepDefinition.user_click_the_sign_in_option()"
            },
            "keyword": "When "
          },
          {
            "result": {
              "duration": 3352248400,
              "status": "passed"
            },
            "line": 9,
            "name": "User enter \"9345845131\" as mobile number",
            "match": {
              "arguments": [
                {
                  "val": "\"9345845131\"",
                  "offset": 11
                }
              ],
              "location": "com.NykaaCucumber_IPT.stepDef.StepDefinition.user_enter_as_mobile_number(java.lang.String)"
            },
            "keyword": "And "
          },
          {
            "result": {
              "duration": 146238800,
              "status": "passed"
            },
            "line": 10,
            "name": "User click the proceed button",
            "match": {
              "location": "com.NykaaCucumber_IPT.stepDef.StepDefinition.user_click_the_proceed_button()"
            },
            "keyword": "And "
          },
          {
            "result": {
              "duration": 60206089100,
              "status": "passed"
            },
            "line": 11,
            "name": "User enter the otp and verify",
            "match": {
              "location": "com.NykaaCucumber_IPT.stepDef.StepDefinition.user_enter_the_otp_and_verify()"
            },
            "keyword": "And "
          },
          {
            "result": {
              "duration": 7698900,
              "status": "passed"
            },
            "line": 12,
            "name": "User navigate to User Home Page",
            "match": {
              "location": "com.NykaaCucumber_IPT.stepDef.StepDefinition.user_navigate_to_user_home_page()"
            },
            "keyword": "Then "
          }
        ],
        "tags": [
          {
            "name": "@RegressionTest"
          }
        ]
      },
      {
        "start_timestamp": "2023-08-17T04:30:25.852Z",
        "line": 14,
        "name": "User search for baby powder",
        "description": "",
        "id": "testing-the-product-purchasing-in-nykaa;user-search-for-baby-powder",
        "type": "scenario",
        "keyword": "Scenario",
        "steps": [
          {
            "result": {
              "duration": 5471624800,
              "status": "passed"
            },
            "line": 15,
            "name": "user able to view baby powder",
            "match": {
              "location": "com.NykaaCucumber_IPT.stepDef.StepDefinition.user_able_to_view_baby_powder()"
            },
            "keyword": "When "
          },
          {
            "result": {
              "duration": 134260900,
              "status": "passed"
            },
            "line": 16,
            "name": "user able to view list of baby powder",
            "match": {
              "location": "com.NykaaCucumber_IPT.stepDef.StepDefinition.user_able_to_view_list_of_baby_powder()"
            },
            "keyword": "Then "
          }
        ],
        "tags": [
          {
            "name": "@RegressionTest"
          }
        ]
      },
      {
        "start_timestamp": "2023-08-17T04:30:31.476Z",
        "line": 18,
        "name": "User select the himalaya baby powder",
        "description": "",
        "id": "testing-the-product-purchasing-in-nykaa;user-select-the-himalaya-baby-powder",
        "type": "scenario",
        "keyword": "Scenario",
        "steps": [
          {
            "result": {
              "duration": 789388700,
              "status": "passed"
            },
            "line": 19,
            "name": "user able to select the himalaya powder",
            "match": {
              "location": "com.NykaaCucumber_IPT.stepDef.StepDefinition.user_able_to_select_the_himalaya_powder()"
            },
            "keyword": "When "
          },
          {
            "result": {
              "duration": 865925100,
              "status": "passed"
            },
            "line": 20,
            "name": "user able to change the size using dropdown",
            "match": {
              "location": "com.NykaaCucumber_IPT.stepDef.StepDefinition.user_able_to_change_the_size_using_dropdown()"
            },
            "keyword": "And "
          },
          {
            "result": {
              "duration": 270623800,
              "status": "passed"
            },
            "line": 21,
            "name": "user able to add the product into bag",
            "match": {
              "location": "com.NykaaCucumber_IPT.stepDef.StepDefinition.user_able_to_add_the_product_into_bag()"
            },
            "keyword": "And "
          },
          {
            "result": {
              "duration": 212251800,
              "status": "passed"
            },
            "line": 22,
            "name": "user able to open the bag",
            "match": {
              "location": "com.NykaaCucumber_IPT.stepDef.StepDefinition.user_able_to_open_the_bag()"
            },
            "keyword": "And "
          },
          {
            "result": {
              "duration": 1457800000,
              "status": "passed"
            },
            "line": 23,
            "name": "user able to change the required quantity",
            "match": {
              "location": "com.NykaaCucumber_IPT.stepDef.StepDefinition.user_able_to_change_the_required_quantity()"
            },
            "keyword": "And "
          },
          {
            "result": {
              "duration": 3581357800,
              "status": "passed"
            },
            "line": 24,
            "name": "user able to proceed with the required quantity",
            "match": {
              "location": "com.NykaaCucumber_IPT.stepDef.StepDefinition.user_able_to_proceed_with_the_required_quantity()"
            },
            "keyword": "And "
          }
        ],
        "tags": [
          {
            "name": "@RegressionTest"
          }
        ]
      },
      {
        "start_timestamp": "2023-08-17T04:30:38.668Z",
        "line": 26,
        "name": "User Pay using the Credit card",
        "description": "",
        "id": "testing-the-product-purchasing-in-nykaa;user-pay-using-the-credit-card",
        "type": "scenario",
        "keyword": "Scenario",
        "steps": [
          {
            "result": {
              "duration": 1784303100,
              "status": "passed"
            },
            "line": 27,
            "name": "user able to enter credit card number",
            "match": {
              "location": "com.NykaaCucumber_IPT.stepDef.StepDefinition.user_able_to_enter_credit_card_number()"
            },
            "keyword": "When "
          },
          {
            "result": {
              "duration": 247084600,
              "status": "passed"
            },
            "line": 28,
            "name": "user able to enter expiry date",
            "match": {
              "location": "com.NykaaCucumber_IPT.stepDef.StepDefinition.user_able_to_enter_expiry_date()"
            },
            "keyword": "And "
          },
          {
            "result": {
              "duration": 560202100,
              "status": "passed"
            },
            "line": 29,
            "name": "user able to enter cvv number",
            "match": {
              "location": "com.NykaaCucumber_IPT.stepDef.StepDefinition.user_able_to_enter_cvv_number()"
            },
            "keyword": "And "
          },
          {
            "result": {
              "duration": 165524100,
              "status": "passed"
            },
            "line": 30,
            "name": "user able to pay using credit card",
            "match": {
              "location": "com.NykaaCucumber_IPT.stepDef.StepDefinition.user_able_to_pay_using_credit_card()"
            },
            "keyword": "And "
          },
          {
            "result": {
              "error_message": "org.openqa.selenium.TimeoutException: Expected condition failed: waiting for element to be clickable: Proxy element for: DefaultElementLocator \u0027By.xpath: //button[text()\u003d\u0027Close\u0027]\u0027 (tried for 30 second(s) with 500 milliseconds interval)\r\n\tat org.openqa.selenium.support.ui.WebDriverWait.timeoutException(WebDriverWait.java:95)\r\n\tat org.openqa.selenium.support.ui.FluentWait.until(FluentWait.java:272)\r\n\tat com.NykaaCucumber_IPT.base.BaseClass.clickOnElement(BaseClass.java:70)\r\n\tat com.NykaaCucumber_IPT.stepDef.StepDefinition.user_take_the_screenshot_if_payment_failed(StepDefinition.java:122)\r\n\tat âœ½.user take the screenshot if payment failed(file:///D:/Avadi/workspace1/NykaaCucumber_IPT/./src/test/resources/com/feature/Nykaa.feature:31)\r\nCaused by: org.openqa.selenium.NoSuchElementException: no such element: Unable to locate element: {\"method\":\"xpath\",\"selector\":\"//button[text()\u003d\u0027Close\u0027]\"}\n  (Session info: chrome\u003d115.0.5790.171)\nFor documentation on this error, please visit: https://www.seleniumhq.org/exceptions/no_such_element.html\nBuild info: version: \u00273.141.59\u0027, revision: \u0027e82be7d358\u0027, time: \u00272018-11-14T08:17:03\u0027\nSystem info: host: \u0027NAVIN\u0027, ip: \u0027192.168.0.101\u0027, os.name: \u0027Windows 11\u0027, os.arch: \u0027amd64\u0027, os.version: \u002710.0\u0027, java.version: \u002711.0.16\u0027\nDriver info: org.openqa.selenium.chrome.ChromeDriver\nCapabilities {acceptInsecureCerts: false, browserName: chrome, browserVersion: 115.0.5790.171, chrome: {chromedriverVersion: 114.0.5735.90 (386bc09e8f4f..., userDataDir: C:\\Users\\User\\AppData\\Local...}, goog:chromeOptions: {debuggerAddress: localhost:53621}, javascriptEnabled: true, networkConnectionEnabled: false, pageLoadStrategy: normal, platform: WINDOWS, platformName: WINDOWS, proxy: Proxy(), setWindowRect: true, strictFileInteractability: false, timeouts: {implicit: 0, pageLoad: 300000, script: 30000}, unhandledPromptBehavior: dismiss and notify, webauthn:extension:credBlob: true, webauthn:extension:largeBlob: true, webauthn:extension:minPinLength: true, webauthn:extension:prf: true, webauthn:virtualAuthenticators: true}\nSession ID: b49832fdcd03a9e5562d066cd14e0c50\n*** Element info: {Using\u003dxpath, value\u003d//button[text()\u003d\u0027Close\u0027]}\r\n\tat jdk.internal.reflect.GeneratedConstructorAccessor17.newInstance(Unknown Source)\r\n\tat java.base/jdk.internal.reflect.DelegatingConstructorAccessorImpl.newInstance(DelegatingConstructorAccessorImpl.java:45)\r\n\tat java.base/java.lang.reflect.Constructor.newInstance(Constructor.java:490)\r\n\tat org.openqa.selenium.remote.http.W3CHttpResponseCodec.createException(W3CHttpResponseCodec.java:187)\r\n\tat org.openqa.selenium.remote.http.W3CHttpResponseCodec.decode(W3CHttpResponseCodec.java:122)\r\n\tat org.openqa.selenium.remote.http.W3CHttpResponseCodec.decode(W3CHttpResponseCodec.java:49)\r\n\tat org.openqa.selenium.remote.HttpCommandExecutor.execute(HttpCommandExecutor.java:158)\r\n\tat org.openqa.selenium.remote.service.DriverCommandExecutor.execute(DriverCommandExecutor.java:83)\r\n\tat org.openqa.selenium.remote.RemoteWebDriver.execute(RemoteWebDriver.java:552)\r\n\tat org.openqa.selenium.remote.RemoteWebDriver.findElement(RemoteWebDriver.java:323)\r\n\tat org.openqa.selenium.remote.RemoteWebDriver.findElementByXPath(RemoteWebDriver.java:428)\r\n\tat org.openqa.selenium.By$ByXPath.findElement(By.java:353)\r\n\tat org.openqa.selenium.remote.RemoteWebDriver.findElement(RemoteWebDriver.java:315)\r\n\tat org.openqa.selenium.support.pagefactory.DefaultElementLocator.findElement(DefaultElementLocator.java:69)\r\n\tat org.openqa.selenium.support.pagefactory.internal.LocatingElementHandler.invoke(LocatingElementHandler.java:38)\r\n\tat com.sun.proxy.$Proxy20.isDisplayed(Unknown Source)\r\n\tat org.openqa.selenium.support.ui.ExpectedConditions.elementIfVisible(ExpectedConditions.java:314)\r\n\tat org.openqa.selenium.support.ui.ExpectedConditions.access$000(ExpectedConditions.java:43)\r\n\tat org.openqa.selenium.support.ui.ExpectedConditions$10.apply(ExpectedConditions.java:300)\r\n\tat org.openqa.selenium.support.ui.ExpectedConditions$10.apply(ExpectedConditions.java:297)\r\n\tat org.openqa.selenium.support.ui.ExpectedConditions$23.apply(ExpectedConditions.java:670)\r\n\tat org.openqa.selenium.support.ui.ExpectedConditions$23.apply(ExpectedConditions.java:666)\r\n\tat org.openqa.selenium.support.ui.FluentWait.until(FluentWait.java:249)\r\n\tat com.NykaaCucumber_IPT.base.BaseClass.clickOnElement(BaseClass.java:70)\r\n\tat com.NykaaCucumber_IPT.stepDef.StepDefinition.user_take_the_screenshot_if_payment_failed(StepDefinition.java:122)\r\n\tat java.base/jdk.internal.reflect.NativeMethodAccessorImpl.invoke0(Native Method)\r\n\tat java.base/jdk.internal.reflect.NativeMethodAccessorImpl.invoke(NativeMethodAccessorImpl.java:62)\r\n\tat java.base/jdk.internal.reflect.DelegatingMethodAccessorImpl.invoke(DelegatingMethodAccessorImpl.java:43)\r\n\tat java.base/java.lang.reflect.Method.invoke(Method.java:566)\r\n\tat io.cucumber.java.Invoker.doInvoke(Invoker.java:66)\r\n\tat io.cucumber.java.Invoker.invoke(Invoker.java:24)\r\n\tat io.cucumber.java.AbstractGlueDefinition.invokeMethod(AbstractGlueDefinition.java:47)\r\n\tat io.cucumber.java.JavaStepDefinition.execute(JavaStepDefinition.java:29)\r\n\tat io.cucumber.core.runner.CoreStepDefinition.execute(CoreStepDefinition.java:66)\r\n\tat io.cucumber.core.runner.PickleStepDefinitionMatch.runStep(PickleStepDefinitionMatch.java:63)\r\n\tat io.cucumber.core.runner.ExecutionMode$1.execute(ExecutionMode.java:10)\r\n\tat io.cucumber.core.runner.TestStep.executeStep(TestStep.java:92)\r\n\tat io.cucumber.core.runner.TestStep.run(TestStep.java:64)\r\n\tat io.cucumber.core.runner.PickleStepTestStep.run(PickleStepTestStep.java:51)\r\n\tat io.cucumber.core.runner.TestCase.run(TestCase.java:104)\r\n\tat io.cucumber.core.runner.Runner.runPickle(Runner.java:73)\r\n\tat io.cucumber.junit.PickleRunners$NoStepDescriptions.run(PickleRunners.java:151)\r\n\tat io.cucumber.junit.FeatureRunner.runChild(FeatureRunner.java:135)\r\n\tat io.cucumber.junit.FeatureRunner.runChild(FeatureRunner.java:27)\r\n\tat org.junit.runners.ParentRunner$4.run(ParentRunner.java:331)\r\n\tat org.junit.runners.ParentRunner$1.schedule(ParentRunner.java:79)\r\n\tat org.junit.runners.ParentRunner.runChildren(ParentRunner.java:329)\r\n\tat org.junit.runners.ParentRunner.access$100(ParentRunner.java:66)\r\n\tat org.junit.runners.ParentRunner$2.evaluate(ParentRunner.java:293)\r\n\tat org.junit.runners.ParentRunner$3.evaluate(ParentRunner.java:306)\r\n\tat org.junit.runners.ParentRunner.run(ParentRunner.java:413)\r\n\tat io.cucumber.junit.Cucumber.runChild(Cucumber.java:200)\r\n\tat io.cucumber.junit.Cucumber.runChild(Cucumber.java:90)\r\n\tat org.junit.runners.ParentRunner$4.run(ParentRunner.java:331)\r\n\tat org.junit.runners.ParentRunner$1.schedule(ParentRunner.java:79)\r\n\tat org.junit.runners.ParentRunner.runChildren(ParentRunner.java:329)\r\n\tat org.junit.runners.ParentRunner.access$100(ParentRunner.java:66)\r\n\tat org.junit.runners.ParentRunner$2.evaluate(ParentRunner.java:293)\r\n\tat io.cucumber.junit.Cucumber$RunCucumber.evaluate(Cucumber.java:235)\r\n\tat org.junit.runners.ParentRunner$3.evaluate(ParentRunner.java:306)\r\n\tat org.junit.runners.ParentRunner.run(ParentRunner.java:413)\r\n\tat org.junit.runner.JUnitCore.run(JUnitCore.java:137)\r\n\tat org.junit.runner.JUnitCore.run(JUnitCore.java:115)\r\n\tat org.junit.vintage.engine.execution.RunnerExecutor.execute(RunnerExecutor.java:42)\r\n\tat org.junit.vintage.engine.VintageTestEngine.executeAllChildren(VintageTestEngine.java:80)\r\n\tat org.junit.vintage.engine.VintageTestEngine.execute(VintageTestEngine.java:72)\r\n\tat org.junit.platform.launcher.core.EngineExecutionOrchestrator.execute(EngineExecutionOrchestrator.java:147)\r\n\tat org.junit.platform.launcher.core.EngineExecutionOrchestrator.execute(EngineExecutionOrchestrator.java:127)\r\n\tat org.junit.platform.launcher.core.EngineExecutionOrchestrator.execute(EngineExecutionOrchestrator.java:90)\r\n\tat org.junit.platform.launcher.core.EngineExecutionOrchestrator.lambda$execute$0(EngineExecutionOrchestrator.java:55)\r\n\tat org.junit.platform.launcher.core.EngineExecutionOrchestrator.withInterceptedStreams(EngineExecutionOrchestrator.java:102)\r\n\tat org.junit.platform.launcher.core.EngineExecutionOrchestrator.execute(EngineExecutionOrchestrator.java:54)\r\n\tat org.junit.platform.launcher.core.DefaultLauncher.execute(DefaultLauncher.java:114)\r\n\tat org.junit.platform.launcher.core.DefaultLauncher.execute(DefaultLauncher.java:95)\r\n\tat org.junit.platform.launcher.core.DefaultLauncherSession$DelegatingLauncher.execute(DefaultLauncherSession.java:91)\r\n\tat org.junit.platform.launcher.core.SessionPerRequestLauncher.execute(SessionPerRequestLauncher.java:60)\r\n\tat org.eclipse.jdt.internal.junit5.runner.JUnit5TestReference.run(JUnit5TestReference.java:98)\r\n\tat org.eclipse.jdt.internal.junit.runner.TestExecution.run(TestExecution.java:40)\r\n\tat org.eclipse.jdt.internal.junit.runner.RemoteTestRunner.runTests(RemoteTestRunner.java:529)\r\n\tat org.eclipse.jdt.internal.junit.runner.RemoteTestRunner.runTests(RemoteTestRunner.java:756)\r\n\tat org.eclipse.jdt.internal.junit.runner.RemoteTestRunner.run(RemoteTestRunner.java:452)\r\n\tat org.eclipse.jdt.internal.junit.runner.RemoteTestRunner.main(RemoteTestRunner.java:210)\r\n",
              "duration": 35604910300,
              "status": "failed"
            },
            "line": 31,
            "name": "user take the screenshot if payment failed",
            "match": {
              "location": "com.NykaaCucumber_IPT.stepDef.StepDefinition.user_take_the_screenshot_if_payment_failed()"
            },
            "keyword": "And "
          }
        ],
        "tags": [
          {
            "name": "@RegressionTest"
          }
        ]
      }
    ],
    "name": "Testing the Product purchasing in Nykaa",
    "description": "  I want to use this template for my feature file",
    "id": "testing-the-product-purchasing-in-nykaa",
    "keyword": "Feature",
    "uri": "file:src/test/resources/com/feature/Nykaa.feature",
    "tags": [
      {
        "name": "@RegressionTest",
        "type": "Tag",
        "location": {
          "line": 1,
          "column": 1
        }
      }
    ]
  }
]